<?xml version="1.0" encoding="UTF-8"?>
<Site BuildName="(empty)"
	BuildStamp="20250402-0116-Experimental"
	Name="anika"
	Generator="ctest-3.22.1"
	CompilerName="/usr/bin/c++"
	CompilerVersion="11.4.0"
	OSName="Linux"
	Hostname="anika"
	OSRelease="6.8.0-52-generic"
	OSVersion="#53~22.04.1-Ubuntu SMP PREEMPT_DYNAMIC Wed Jan 15 19:18:46 UTC 2"
	OSPlatform="x86_64"
	Is64Bits="1"
	VendorString="GenuineIntel"
	VendorID="Intel Corporation"
	FamilyID="6"
	ModelID="142"
	ProcessorCacheSize="8192"
	NumberOfLogicalCPU="8"
	NumberOfPhysicalCPU="4"
	TotalVirtualMemory="2047"
	TotalPhysicalMemory="15744"
	LogicalProcessorsPerPhysical="2"
	ProcessorClockFrequency="3400.01"
	>
	<Testing>
		<StartDateTime>Apr 02 16:23 AEDT</StartDateTime>
		<StartTestTime>1743571429</StartTestTime>
		<TestList/>
		<EndDateTime>Apr 02 16:23 AEDT</EndDateTime>
		<EndTestTime>1743571429</EndTestTime>
		<ElapsedMinutes>0</ElapsedMinutes>
	</Testing>
</Site>
