<?xml version="1.0" encoding="UTF-8"?>
<Site BuildName="(empty)"
	BuildStamp="20250424-0258-Experimental"
	Name="Lachlan"
	Generator="ctest-3.22.1"
	CompilerName="/usr/bin/c++"
	CompilerVersion="11.4.0"
	OSName="Linux"
	Hostname="Lachlan"
	OSRelease="6.8.0-57-generic"
	OSVersion="#59~22.04.1-Ubuntu SMP PREEMPT_DYNAMIC Wed Mar 19 17:07:41 UTC 2"
	OSPlatform="x86_64"
	Is64Bits="1"
	VendorString="GenuineIntel"
	VendorID="Intel Corporation"
	FamilyID="6"
	ModelID="142"
	ProcessorCacheSize="6144"
	NumberOfLogicalCPU="8"
	NumberOfPhysicalCPU="4"
	TotalVirtualMemory="21978"
	TotalPhysicalMemory="7787"
	LogicalProcessorsPerPhysical="2"
	ProcessorClockFrequency="800.076"
	>
	<Testing>
		<StartDateTime>Apr 24 12:58 AEST</StartDateTime>
		<StartTestTime>1745463506</StartTestTime>
		<TestList/>
		<EndDateTime>Apr 24 12:58 AEST</EndDateTime>
		<EndTestTime>1745463506</EndTestTime>
		<ElapsedMinutes>0</ElapsedMinutes>
	</Testing>
</Site>
