<?xml version="1.0" encoding="UTF-8"?>
<Site BuildName="(empty)"
	BuildStamp="20250420-2106-Experimental"
	Name="alec-ThinkPad-P53s"
	Generator="ctest-3.22.1"
	CompilerName="/usr/bin/c++"
	CompilerVersion="11.4.0"
	OSName="Linux"
	Hostname="alec-ThinkPad-P53s"
	OSRelease="6.8.0-57-generic"
	OSVersion="#59~22.04.1-Ubuntu SMP PREEMPT_DYNAMIC Wed Mar 19 17:07:41 UTC 2"
	OSPlatform="x86_64"
	Is64Bits="1"
	VendorString="GenuineIntel"
	VendorID="Intel Corporation"
	FamilyID="6"
	ModelID="142"
	ProcessorCacheSize="8192"
	NumberOfLogicalCPU="8"
	NumberOfPhysicalCPU="4"
	TotalVirtualMemory="2047"
	TotalPhysicalMemory="15648"
	LogicalProcessorsPerPhysical="2"
	ProcessorClockFrequency="1400.01"
	>
	<Testing>
		<StartDateTime>Apr 21 07:06 AEST</StartDateTime>
		<StartTestTime>1745183211</StartTestTime>
		<TestList/>
		<EndDateTime>Apr 21 07:06 AEST</EndDateTime>
		<EndTestTime>1745183211</EndTestTime>
		<ElapsedMinutes>0</ElapsedMinutes>
	</Testing>
</Site>
