<?xml version="1.0" encoding="UTF-8"?>
<Site BuildName="(empty)"
	BuildStamp="20250526-0029-Experimental"
	Name="Lachlan"
	Generator="ctest-3.22.1"
	CompilerName="/usr/bin/c++"
	CompilerVersion="11.4.0"
	OSName="Linux"
	Hostname="Lachlan"
	OSRelease="6.8.0-59-generic"
	OSVersion="#61~22.04.1-Ubuntu SMP PREEMPT_DYNAMIC Tue Apr 15 17:03:15 UTC 2"
	OSPlatform="x86_64"
	Is64Bits="1"
	VendorString="GenuineIntel"
	VendorID="Intel Corporation"
	FamilyID="6"
	ModelID="142"
	ProcessorCacheSize="6144"
	NumberOfLogicalCPU="8"
	NumberOfPhysicalCPU="4"
	TotalVirtualMemory="21978"
	TotalPhysicalMemory="7787"
	LogicalProcessorsPerPhysical="2"
	ProcessorClockFrequency="3573.65"
	>
	<Testing>
		<StartDateTime>May 26 12:30 AEST</StartDateTime>
		<StartTestTime>1748226651</StartTestTime>
		<TestList/>
		<EndDateTime>May 26 12:30 AEST</EndDateTime>
		<EndTestTime>1748226651</EndTestTime>
		<ElapsedMinutes>0</ElapsedMinutes>
	</Testing>
</Site>
