<?xml version="1.0" encoding="UTF-8"?>
<Site BuildName="(empty)"
	BuildStamp="20250506-0547-Experimental"
	Name="Lachlan"
	Generator="ctest-3.22.1"
	CompilerName="/usr/bin/c++"
	CompilerVersion="11.4.0"
	OSName="Linux"
	Hostname="Lachlan"
	OSRelease="6.8.0-57-generic"
	OSVersion="#59~22.04.1-Ubuntu SMP PREEMPT_DYNAMIC Wed Mar 19 17:07:41 UTC 2"
	OSPlatform="x86_64"
	Is64Bits="1"
	VendorString="GenuineIntel"
	VendorID="Intel Corporation"
	FamilyID="6"
	ModelID="142"
	ProcessorCacheSize="6144"
	NumberOfLogicalCPU="8"
	NumberOfPhysicalCPU="4"
	TotalVirtualMemory="21978"
	TotalPhysicalMemory="7787"
	LogicalProcessorsPerPhysical="2"
	ProcessorClockFrequency="3719.07"
	>
	<Testing>
		<StartDateTime>May 06 17:54 AEST</StartDateTime>
		<StartTestTime>1746518053</StartTestTime>
		<TestList/>
		<EndDateTime>May 06 17:54 AEST</EndDateTime>
		<EndTestTime>1746518053</EndTestTime>
		<ElapsedMinutes>0</ElapsedMinutes>
	</Testing>
</Site>
